Drill report for Controller.kicad_pcb
Created on 2024-08-02T00:59:48+0200

Copper Layer Stackup:
    =============================================================
    L1 :  F.Cu                      front
    L2 :  B.Cu                      back


Drill file 'Controller-PTH-drl.gbr' contains
    plated through holes:
    =============================================================
    T1  0,800mm  0,0315"  (76 holes)
    T2  1,000mm  0,0394"  (11 holes)  (with 3 slots)
    T3  1,100mm  0,0433"  (2 holes)
    T4  1,200mm  0,0472"  (2 holes)
    T5  1,600mm  0,0630"  (2 holes)

    Total plated holes count 93


Drill file 'Controller-NPTH-drl.gbr' contains
    unplated through holes:
    =============================================================
    T1  2,500mm  0,0984"  (3 holes)

    Total unplated holes count 3
